<?xml version="1.0" encoding="UTF-8"?>
<!-- Generated by org.testng.reporters.JUnitXMLReporter -->
<testsuite hostname="DESKTOP-HGRS86I" ignored="0" name="Regression suite 1" tests="3" failures="1" timestamp="30 三月 2018 12:14:47 GMT" time="0.04" errors="0">
  <testcase name="verifyLoginPageText" time="0.008" classname="testng.testngAnnotation.retry.TestNGExampleTests"/>
  <testcase name="verifyForgotPasswordPage" time="0.004" classname="testng.testngAnnotation.retry.TestNGExampleTests">
    <skipped/>
  </testcase> <!-- verifyForgotPasswordPage -->
  <testcase name="verifyForgotPasswordPage" time="0.002" classname="testng.testngAnnotation.retry.TestNGExampleTests">
    <failure type="java.lang.AssertionError" message="expected [false] but found [true]">
      <![CDATA[java.lang.AssertionError: expected [false] but found [true]
at testng.testngAnnotation.retry.TestNGExampleTests.verifyForgotPasswordPage(TestNGExampleTests.java:32)
... Removed 29 stack frames]]>
    </failure>
  </testcase> <!-- verifyForgotPasswordPage -->
</testsuite> <!-- Regression suite 1 -->
